Copyright 1986-2019 Xilinx, Inc. All Rights Reserved.
----------------------------------------------------------------------------------------------------------------------------------------------------------------------------------------
| Tool Version     : Vivado v.2019.1 (win64) Build 2552052 Fri May 24 14:49:42 MDT 2019
| Date             : Sat May 29 12:03:04 2021
| Host             : DESKTOP-NJBJAPS running 64-bit major release  (build 9200)
| Command          : report_power -file m3_for_arty_a7_wrapper_power_routed.rpt -pb m3_for_arty_a7_wrapper_power_summary_routed.pb -rpx m3_for_arty_a7_wrapper_power_routed.rpx
| Design           : m3_for_arty_a7_wrapper
| Device           : xc7a100tcsg324-1
| Design State     : routed
| Grade            : commercial
| Process          : typical
| Characterization : Production
----------------------------------------------------------------------------------------------------------------------------------------------------------------------------------------

Power Report

Table of Contents
-----------------
1. Summary
1.1 On-Chip Components
1.2 Power Supply Summary
1.3 Confidence Level
2. Settings
2.1 Environment
2.2 Clock Constraints
3. Detailed Reports
3.1 By Hierarchy

1. Summary
----------

+--------------------------+--------------+
| Total On-Chip Power (W)  | 0.338        |
| Design Power Budget (W)  | Unspecified* |
| Power Budget Margin (W)  | NA           |
| Dynamic (W)              | 0.239        |
| Device Static (W)        | 0.099        |
| Effective TJA (C/W)      | 4.6          |
| Max Ambient (C)          | 83.5         |
| Junction Temperature (C) | 26.5         |
| Confidence Level         | Low          |
| Setting File             | ---          |
| Simulation Activity File | ---          |
| Design Nets Matched      | NA           |
+--------------------------+--------------+
* Specify Design Power Budget using, set_operating_conditions -design_power_budget <value in Watts>


1.1 On-Chip Components
----------------------

+-------------------------+-----------+----------+-----------+-----------------+
| On-Chip                 | Power (W) | Used     | Available | Utilization (%) |
+-------------------------+-----------+----------+-----------+-----------------+
| Clocks                  |     0.035 |       14 |       --- |             --- |
| Slice Logic             |     0.039 |    42934 |       --- |             --- |
|   LUT as Logic          |     0.033 |    24516 |     63400 |           38.67 |
|   CARRY4                |     0.004 |     1556 |     15850 |            9.82 |
|   Register              |     0.002 |    15248 |    126800 |           12.03 |
|   F7/F8 Muxes           |    <0.001 |      385 |     63400 |            0.61 |
|   LUT as Shift Register |    <0.001 |       60 |     19000 |            0.32 |
|   Others                |     0.000 |      746 |       --- |             --- |
|   BUFG                  |     0.000 |        1 |        32 |            3.13 |
| Signals                 |     0.045 |    33664 |       --- |             --- |
| Block RAM               |     0.010 |     22.5 |       135 |           16.67 |
| MMCM                    |     0.091 |        1 |         6 |           16.67 |
| DSPs                    |    <0.001 |        4 |       240 |            1.67 |
| I/O                     |     0.020 |       75 |       210 |           35.71 |
| Static Power            |     0.099 |          |           |                 |
| Total                   |     0.338 |          |           |                 |
+-------------------------+-----------+----------+-----------+-----------------+


1.2 Power Supply Summary
------------------------

+-----------+-------------+-----------+-------------+------------+
| Source    | Voltage (V) | Total (A) | Dynamic (A) | Static (A) |
+-----------+-------------+-----------+-------------+------------+
| Vccint    |       1.000 |     0.145 |       0.129 |      0.016 |
| Vccaux    |       1.800 |     0.069 |       0.051 |      0.018 |
| Vcco33    |       3.300 |     0.010 |       0.006 |      0.004 |
| Vcco25    |       2.500 |     0.000 |       0.000 |      0.000 |
| Vcco18    |       1.800 |     0.000 |       0.000 |      0.000 |
| Vcco15    |       1.500 |     0.000 |       0.000 |      0.000 |
| Vcco135   |       1.350 |     0.000 |       0.000 |      0.000 |
| Vcco12    |       1.200 |     0.000 |       0.000 |      0.000 |
| Vccaux_io |       1.800 |     0.000 |       0.000 |      0.000 |
| Vccbram   |       1.000 |     0.002 |       0.001 |      0.001 |
| MGTAVcc   |       1.000 |     0.000 |       0.000 |      0.000 |
| MGTAVtt   |       1.200 |     0.000 |       0.000 |      0.000 |
| Vccadc    |       1.800 |     0.020 |       0.000 |      0.020 |
+-----------+-------------+-----------+-------------+------------+


1.3 Confidence Level
--------------------

+-----------------------------+------------+--------------------------------------------------------+------------------------------------------------------------------------------------------------------------+
| User Input Data             | Confidence | Details                                                | Action                                                                                                     |
+-----------------------------+------------+--------------------------------------------------------+------------------------------------------------------------------------------------------------------------+
| Design implementation state | High       | Design is routed                                       |                                                                                                            |
| Clock nodes activity        | High       | User specified more than 95% of clocks                 |                                                                                                            |
| I/O nodes activity          | Low        | More than 75% of inputs are missing user specification | Provide missing input activity with simulation results or by editing the "By Resource Type -> I/Os" view   |
| Internal nodes activity     | Medium     | User specified less than 25% of internal nodes         | Provide missing internal nodes activity with simulation results or by editing the "By Resource Type" views |
| Device models               | High       | Device models are Production                           |                                                                                                            |
|                             |            |                                                        |                                                                                                            |
| Overall confidence level    | Low        |                                                        |                                                                                                            |
+-----------------------------+------------+--------------------------------------------------------+------------------------------------------------------------------------------------------------------------+


2. Settings
-----------

2.1 Environment
---------------

+-----------------------+--------------------------+
| Ambient Temp (C)      | 25.0                     |
| ThetaJA (C/W)         | 4.6                      |
| Airflow (LFM)         | 250                      |
| Heat Sink             | medium (Medium Profile)  |
| ThetaSA (C/W)         | 4.6                      |
| Board Selection       | medium (10"x10")         |
| # of Board Layers     | 12to15 (12 to 15 Layers) |
| Board Temperature (C) | 25.0                     |
+-----------------------+--------------------------+


2.2 Clock Constraints
---------------------

+-------------------------------------+---------------------------------------------------------------------------------------+-----------------+
| Clock                               | Domain                                                                                | Constraint (ns) |
+-------------------------------------+---------------------------------------------------------------------------------------+-----------------+
| SWCLK                               | DAPLink_tri_o[15]                                                                     |            50.0 |
| base_qspi_clk                       | qspi_flash_sck_iobuf/IO                                                               |            20.0 |
| clk_out3_m3_for_arty_a7_clk_wiz_0_0 | m3_for_arty_a7_i/Clocks_and_Resets/clk_wiz_0/inst/clk_out3_m3_for_arty_a7_clk_wiz_0_0 |            10.0 |
| clk_out4_m3_for_arty_a7_clk_wiz_0_0 | m3_for_arty_a7_i/Clocks_and_Resets/clk_wiz_0/inst/clk_out4_m3_for_arty_a7_clk_wiz_0_0 |            20.0 |
| clk_out5_m3_for_arty_a7_clk_wiz_0_0 | m3_for_arty_a7_i/Clocks_and_Resets/clk_wiz_0/inst/clk_out5_m3_for_arty_a7_clk_wiz_0_0 |           182.9 |
| clkfbout_m3_for_arty_a7_clk_wiz_0_0 | m3_for_arty_a7_i/Clocks_and_Resets/clk_wiz_0/inst/clkfbout_m3_for_arty_a7_clk_wiz_0_0 |            10.0 |
| cpu_clk                             | m3_for_arty_a7_i/Clocks_and_Resets/clk_wiz_0/inst/clk_out1_m3_for_arty_a7_clk_wiz_0_0 |            20.0 |
| dap_qspi_clk                        | DAPLink_tri_o[9]                                                                      |            20.0 |
| dap_spi_clk                         | DAPLink_tri_o[3]                                                                      |            20.0 |
| qspi_clk                            | m3_for_arty_a7_i/Clocks_and_Resets/clk_wiz_0/inst/clk_out2_m3_for_arty_a7_clk_wiz_0_0 |            20.0 |
| sys_clock                           | sys_clock                                                                             |            10.0 |
+-------------------------------------+---------------------------------------------------------------------------------------+-----------------+


3. Detailed Reports
-------------------

3.1 By Hierarchy
----------------

+--------------------------+-----------+
| Name                     | Power (W) |
+--------------------------+-----------+
| m3_for_arty_a7_wrapper   |     0.239 |
|   m3_for_arty_a7_i       |     0.220 |
|     Clocks_and_Resets    |     0.092 |
|       clk_wiz_0          |     0.092 |
|     Cortex_M3_0          |     0.050 |
|       inst               |     0.050 |
|     Exin_Timer_0         |     0.001 |
|       inst               |     0.001 |
|     Exin_noliner2_0      |     0.052 |
|       inst               |     0.052 |
|     axi_interconnect_0   |     0.003 |
|       s00_couplers       |     0.001 |
|     axi_quad_spi_0       |     0.004 |
|       U0                 |     0.004 |
|     daplink_if_0         |     0.011 |
|       axi_quad_spi_0     |     0.004 |
|       axi_single_spi_0   |     0.003 |
|       axi_xip_quad_spi_0 |     0.002 |
|   qspi_flash_sck_iobuf   |     0.006 |
+--------------------------+-----------+


